0 silly argv {
0 silly argv   _: [ 'run' ],
0 silly argv   since: 'origin/main',
0 silly argv   lernaVersion: '8.2.3',
0 silly argv   '$0': '/Users/sean/h2/test/lib/node_modules/.bin/lerna',
0 silly argv   script: 'build'
0 silly argv }
1 notice cli v8.2.3
2 verbose packageConfigs Resolving packages based on package.json "workspaces" configuration.
3 verbose rootPath /Users/sean/h2/test/lib
4 notice filter changed since "origin/main"
5 silly hasTags
6 verbose hasTags false
7 info Looking for changed packages since origin/main
8 silly checking diff packages/lint
9 error Error: Command failed with exit code 128: git diff --name-only origin/main -- packages/lint
9 error 致命錯誤: bad revision 'origin/main'
9 error     at makeError (/Users/sean/h2/test/lib/node_modules/execa/lib/error.js:59:11)
9 error     at module.exports.sync (/Users/sean/h2/test/lib/node_modules/execa/index.js:186:17)
9 error     at execSync (/Users/sean/h2/test/lib/node_modules/lerna/dist/index.js:1758:31)
9 error     at diffSinceIn (/Users/sean/h2/test/lib/node_modules/lerna/dist/index.js:2174:10)
9 error     at hasDiffSinceThatIsntIgnored (/Users/sean/h2/test/lib/node_modules/lerna/dist/index.js:2147:18)
9 error     at isCandidate (/Users/sean/h2/test/lib/node_modules/lerna/dist/index.js:2244:77)
9 error     at /Users/sean/h2/test/lib/node_modules/lerna/dist/index.js:2252:9
9 error     at Array.forEach (<anonymous>)
9 error     at collectProjects (/Users/sean/h2/test/lib/node_modules/lerna/dist/index.js:2251:12)
